Arguments: 
  D:\apps\nodejs\node.exe C:\Users\Administrator\AppData\Roaming\npm\node_modules\yarn\bin\yarn.js init

PATH: 
  C:\Users\Administrator\AppData\Roaming\Code\User\globalStorage\pleiades.java-extension-pack-jdk\gradle\latest\bin;C:\Users\Administrator\AppData\Roaming\Code\User\globalStorage\pleiades.java-extension-pack-jdk\maven\latest\bin;D:\Apps\Java\jdk-21.0.3.9-hotspot\bin;D:\Apps\VMware\VMware Workstation\bin\;D:\Apps\Android\AndroidSdks\flutter\bin;C:\Program Files (x86)\Common Files\Intel\Shared Libraries\redist\intel64_win\compiler;C:\Program Files (x86)\NVIDIA Corporation\PhysX\Common;C:\Program Files (x86)\Common Files\Intel\Shared Libraries\redist\intel64\compiler;C:\WINDOWS\system32;C:\WINDOWS;C:\WINDOWS\System32\Wbem;C:\WINDOWS\System32\WindowsPowerShell\v1.0\;C:\WINDOWS\System32\OpenSSH\;d:\Apps\Microsoft VS Code\bin;D:\Apps\Git\cmd;D:\Apps\Yak\bin;C:\Program Files\Microsoft SQL Server\Client SDK\ODBC\110\Tools\Binn\;C:\Program Files (x86)\Microsoft SQL Server\120\Tools\Binn\;C:\Program Files\Microsoft SQL Server\120\Tools\Binn\;C:\Program Files\Microsoft SQL Server\120\DTS\Binn\;C:\Program Files (x86)\Windows Kits\8.1\Windows Performance Toolkit\;D:\Apps\php7.4;D:\Apps\putty;C:\Users\Administrator\.dnx\bin;C:\Program Files\Microsoft DNX\Dnvm\;C:\Program Files\Microsoft SQL Server\130\Tools\Binn\;D:\Apps\CMake\bin;C:\ProgramData\chocolatey\bin;C:\Program Files (x86)\QuickTime\QTSystem\;D:\Apps\Dart\dart-sdk\bin;D:\Apps\MinGW\bin;D:\Apps\rust\.cargo\bin;C:\Program Files\dotnet\;D:\Windows Kits\10\Windows Performance Toolkit\;C:\Program Files\Cloudflare\Cloudflare WARP\;D:\Apps\Strawberry\c\bin;D:\Apps\Strawberry\perl\site\bin;D:\Apps\Strawberry\perl\bin;D:\Apps\Nox\bin\;C:\Users\Administrator\AppData\Local\Programs\Python\Python311;C:\Users\Administrator\AppData\Local\Programs\Python\Python311\Scripts;D:\Apps\maven\bin;C:\WINDOWS\system32;C:\WINDOWS;C:\WINDOWS\System32\Wbem;C:\WINDOWS\System32\WindowsPowerShell\v1.0\;C:\WINDOWS\System32\OpenSSH\;C:\Program Files\NVIDIA Corporation\Nsight Compute 2024.3.2\;C:\Program Files\NVIDIA Corporation\NVIDIA NvDLISR;C:\Program Files\NVIDIA GPU Computing Toolkit\CUDA\v12.6\bin;D:\Apps\Java\jdk-21.0.3.9-hotspot\bin;D:\Apps\Go\bin;D:\apps\nodejs\;D:\Apps\TortoiseGit\bin;D:\apps\gettext-iconv\bin;C:\Users\Administrator\.cargo\bin;D:\Apps\rust\.cargo\bin;D:\Apps\VMware\VMware Workstation\bin\;D:\Apps\Android\AndroidSdks\flutter\bin;C:\Program Files (x86)\Common Files\Intel\Shared Libraries\redist\intel64_win\compiler;C:\Program Files (x86)\NVIDIA Corporation\PhysX\Common;C:\Program Files (x86)\Common Files\Intel\Shared Libraries\redist\intel64\compiler;C:\WINDOWS\system32;C:\WINDOWS;C:\WINDOWS\System32\Wbem;C:\WINDOWS\System32\WindowsPowerShell\v1.0\;C:\WINDOWS\System32\OpenSSH\;d:\Apps\Microsoft VS Code\bin;D:\Apps\TortoiseGit\bin;D:\Apps\Git\cmd;D:\Apps\Go\bin;D:\Apps\Yak\bin;C:\Program Files\Microsoft SQL Server\Client SDK\ODBC\110\Tools\Binn\;C:\Program Files (x86)\Microsoft SQL Server\120\Tools\Binn\;C:\Program Files\Microsoft SQL Server\120\Tools\Binn\;C:\Program Files\Microsoft SQL Server\120\DTS\Binn\;C:\Program Files (x86)\Windows Kits\8.1\Windows Performance Toolkit\;D:\Apps\php7.4;D:\Apps\putty;d:\Apps\Tencent\微信web开发者工具\dll;D:\sourceCode\GoProject\src\gf\cmd\gf;C:\Users\Administrator\.dnx\bin;C:\Program Files\Microsoft DNX\Dnvm\;C:\Program Files\M;C:\Users\Administrator\AppData\Local\GitHubDesktop\bin;C:\Users\Administrator\go\bin;C:\Users\Administrator\AppData\Roaming\npm

Yarn version: 
  1.3.2

Node version: 
  22.14.0

Platform: 
  win32 x64

npm manifest: 
  {
    "dependencies": {
      "i18next": "^24.2.3",
      "i18next-browser-languagedetector": "^8.0.4",
      "i18next-http-backend": "^3.0.2",
      "react-i18next": "^15.4.1"
    }
  }

yarn manifest: 
  No manifest

Lockfile: 
  # THIS IS AN AUTOGENERATED FILE. DO NOT EDIT THIS FILE DIRECTLY.
  # yarn lockfile v1
  
  
  "@babel/runtime@^7.23.2", "@babel/runtime@^7.25.0", "@babel/runtime@^7.26.10":
    version "7.26.10"
    resolved "https://registry.npmmirror.com/@babel/runtime/-/runtime-7.26.10.tgz#a07b4d8fa27af131a633d7b3524db803eb4764c2"
    dependencies:
      regenerator-runtime "^0.14.0"
  
  cross-fetch@4.0.0:
    version "4.0.0"
    resolved "https://registry.npmmirror.com/cross-fetch/-/cross-fetch-4.0.0.tgz#f037aef1580bb3a1a35164ea2a848ba81b445983"
    dependencies:
      node-fetch "^2.6.12"
  
  html-parse-stringify@^3.0.1:
    version "3.0.1"
    resolved "https://registry.npmmirror.com/html-parse-stringify/-/html-parse-stringify-3.0.1.tgz#dfc1017347ce9f77c8141a507f233040c59c55d2"
    dependencies:
      void-elements "3.1.0"
  
  i18next-browser-languagedetector@^8.0.4:
    version "8.0.4"
    resolved "https://registry.npmmirror.com/i18next-browser-languagedetector/-/i18next-browser-languagedetector-8.0.4.tgz#9b16f6440b6aad3521f2ab1a2ffbb7d917397df2"
    dependencies:
      "@babel/runtime" "^7.23.2"
  
  i18next-http-backend@^3.0.2:
    version "3.0.2"
    resolved "https://registry.npmmirror.com/i18next-http-backend/-/i18next-http-backend-3.0.2.tgz#7c8daa31aa69679e155ec1f96a37846225bdf907"
    dependencies:
      cross-fetch "4.0.0"
  
  i18next@^24.2.3:
    version "24.2.3"
    resolved "https://registry.npmmirror.com/i18next/-/i18next-24.2.3.tgz#3a05f72615cbd7c00d7e348667e2aabef1df753b"
    dependencies:
      "@babel/runtime" "^7.26.10"
  
  node-fetch@^2.6.12:
    version "2.7.0"
    resolved "https://registry.npmmirror.com/node-fetch/-/node-fetch-2.7.0.tgz#d0f0fa6e3e2dc1d27efcd8ad99d550bda94d187d"
    dependencies:
      whatwg-url "^5.0.0"
  
  react-i18next@^15.4.1:
    version "15.4.1"
    resolved "https://registry.npmmirror.com/react-i18next/-/react-i18next-15.4.1.tgz#33f3e89c2f6c68e2bfcbf9aa59986ad42fe78758"
    dependencies:
      "@babel/runtime" "^7.25.0"
      html-parse-stringify "^3.0.1"
  
  regenerator-runtime@^0.14.0:
    version "0.14.1"
    resolved "https://registry.npmmirror.com/regenerator-runtime/-/regenerator-runtime-0.14.1.tgz#356ade10263f685dda125100cd862c1db895327f"
  
  tr46@~0.0.3:
    version "0.0.3"
    resolved "https://registry.npmmirror.com/tr46/-/tr46-0.0.3.tgz#8184fd347dac9cdc185992f3a6622e14b9d9ab6a"
  
  void-elements@3.1.0:
    version "3.1.0"
    resolved "https://registry.npmmirror.com/void-elements/-/void-elements-3.1.0.tgz#614f7fbf8d801f0bb5f0661f5b2f5785750e4f09"
  
  webidl-conversions@^3.0.0:
    version "3.0.1"
    resolved "https://registry.npmmirror.com/webidl-conversions/-/webidl-conversions-3.0.1.tgz#24534275e2a7bc6be7bc86611cc16ae0a5654871"
  
  whatwg-url@^5.0.0:
    version "5.0.0"
    resolved "https://registry.npmmirror.com/whatwg-url/-/whatwg-url-5.0.0.tgz#966454e8765462e37644d3626f6742ce8b70965d"
    dependencies:
      tr46 "~0.0.3"
      webidl-conversions "^3.0.0"

Trace: 
  Error: canceled
      at Interface.<anonymous> (C:\Users\Administrator\AppData\Roaming\npm\node_modules\yarn\lib\cli.js:121045:13)
      at Interface.emit (node:events:518:28)
      at [_ttyWrite] [as _ttyWrite] (node:internal/readline/interface:1124:18)
      at ReadStream.onkeypress (node:internal/readline/interface:263:20)
      at ReadStream.emit (node:events:518:28)
      at emitKeys (node:internal/readline/utils:370:14)
      at emitKeys.next (<anonymous>)
      at ReadStream.onData (node:internal/readline/emitKeypressEvents:64:36)
      at ReadStream.emit (node:events:518:28)
      at addChunk (node:internal/streams/readable:561:12)
